Hmm ... looks like a package

This is pdfTeX, Version 3.141592653-2.6-1.40.22 (TeX Live 2021) (preloaded format=pdflatex)
 restricted \write18 enabled.
entering extended mode
LaTeX2e <2020-10-01> patch level 4
L3 programming layer <2021-02-18>
(./Rd2.tex
(/usr/local/texlive/2021/texmf-dist/tex/latex/base/book.cls
Document Class: book 2020/04/10 v1.4m Standard LaTeX document class
(/usr/local/texlive/2021/texmf-dist/tex/latex/base/bk10.clo))
(/Library/Frameworks/R.framework/Resources/share/texmf/tex/latex/Rd.sty
(/usr/local/texlive/2021/texmf-dist/tex/latex/base/ifthen.sty)
(/usr/local/texlive/2021/texmf-dist/tex/latex/tools/longtable.sty)
(/usr/local/texlive/2021/texmf-dist/tex/latex/tools/bm.sty)
(/usr/local/texlive/2021/texmf-dist/tex/latex/base/alltt.sty)
(/usr/local/texlive/2021/texmf-dist/tex/latex/tools/verbatim.sty)
(/usr/local/texlive/2021/texmf-dist/tex/latex/url/url.sty)
(/usr/local/texlive/2021/texmf-dist/tex/latex/base/textcomp.sty)
(/usr/local/texlive/2021/texmf-dist/tex/latex/base/fontenc.sty)
(/usr/local/texlive/2021/texmf-dist/tex/latex/psnfss/times.sty)
(/usr/local/texlive/2021/texmf-dist/tex/latex/inconsolata/zi4.sty
`inconsolata-zi4' v1.12, 2019/05/17 Text macros for Inconsolata (msharpe)
(/usr/local/texlive/2021/texmf-dist/tex/latex/xkeyval/xkeyval.sty
(/usr/local/texlive/2021/texmf-dist/tex/generic/xkeyval/xkeyval.tex
(/usr/local/texlive/2021/texmf-dist/tex/generic/xkeyval/xkvutils.tex
(/usr/local/texlive/2021/texmf-dist/tex/generic/xkeyval/keyval.tex)))))
(/usr/local/texlive/2021/texmf-dist/tex/latex/graphics/color.sty
(/usr/local/texlive/2021/texmf-dist/tex/latex/graphics-cfg/color.cfg)
(/usr/local/texlive/2021/texmf-dist/tex/latex/graphics-def/pdftex.def))
(/usr/local/texlive/2021/texmf-dist/tex/latex/hyperref/hyperref.sty
(/usr/local/texlive/2021/texmf-dist/tex/generic/ltxcmds/ltxcmds.sty)
(/usr/local/texlive/2021/texmf-dist/tex/generic/iftex/iftex.sty)
(/usr/local/texlive/2021/texmf-dist/tex/generic/pdftexcmds/pdftexcmds.sty
(/usr/local/texlive/2021/texmf-dist/tex/generic/infwarerr/infwarerr.sty))
(/usr/local/texlive/2021/texmf-dist/tex/generic/kvsetkeys/kvsetkeys.sty)
(/usr/local/texlive/2021/texmf-dist/tex/generic/kvdefinekeys/kvdefinekeys.sty)
(/usr/local/texlive/2021/texmf-dist/tex/generic/pdfescape/pdfescape.sty)
(/usr/local/texlive/2021/texmf-dist/tex/latex/hycolor/hycolor.sty)
(/usr/local/texlive/2021/texmf-dist/tex/latex/letltxmacro/letltxmacro.sty)
(/usr/local/texlive/2021/texmf-dist/tex/latex/auxhook/auxhook.sty)
(/usr/local/texlive/2021/texmf-dist/tex/latex/kvoptions/kvoptions.sty)
(/usr/local/texlive/2021/texmf-dist/tex/latex/hyperref/pd1enc.def)
(/usr/local/texlive/2021/texmf-dist/tex/latex/hyperref/hyperref-langpatches.def
) (/usr/local/texlive/2021/texmf-dist/tex/generic/intcalc/intcalc.sty)
(/usr/local/texlive/2021/texmf-dist/tex/generic/etexcmds/etexcmds.sty)
(/usr/local/texlive/2021/texmf-dist/tex/latex/hyperref/puenc.def)
(/usr/local/texlive/2021/texmf-dist/tex/generic/bitset/bitset.sty
(/usr/local/texlive/2021/texmf-dist/tex/generic/bigintcalc/bigintcalc.sty))
(/usr/local/texlive/2021/texmf-dist/tex/latex/base/atbegshi-ltx.sty))
(/usr/local/texlive/2021/texmf-dist/tex/latex/hyperref/hpdftex.def
(/usr/local/texlive/2021/texmf-dist/tex/latex/base/atveryend-ltx.sty)
(/usr/local/texlive/2021/texmf-dist/tex/latex/rerunfilecheck/rerunfilecheck.sty

(/usr/local/texlive/2021/texmf-dist/tex/generic/uniquecounter/uniquecounter.sty
)))

Package hyperref Warning: Option `hyperindex' has already been used,
(hyperref)                setting the option has no effect on input line 377.


Package hyperref Warning: Option `pagebackref' has already been used,
(hyperref)                setting the option has no effect on input line 377.

) (/usr/local/texlive/2021/texmf-dist/tex/latex/base/makeidx.sty)
(/usr/local/texlive/2021/texmf-dist/tex/latex/base/inputenc.sty)
Writing index file Rd2.idx
(/usr/local/texlive/2021/texmf-dist/tex/latex/psnfss/t1ptm.fd)
(/usr/local/texlive/2021/texmf-dist/tex/latex/l3backend/l3backend-pdftex.def)
No file Rd2.aux.
(/usr/local/texlive/2021/texmf-dist/tex/context/base/mkii/supp-pdf.mkii
[Loading MPS to PDF converter (version 2006.09.02).]
) (/usr/local/texlive/2021/texmf-dist/tex/latex/hyperref/nameref.sty
(/usr/local/texlive/2021/texmf-dist/tex/latex/refcount/refcount.sty)
(/usr/local/texlive/2021/texmf-dist/tex/generic/gettitlestring/gettitlestring.s
ty)) (/usr/local/texlive/2021/texmf-dist/tex/latex/inconsolata/t1zi4.fd)
(/usr/local/texlive/2021/texmf-dist/tex/latex/psnfss/t1phv.fd) [1{/usr/local/te
xlive/2021/texmf-var/fonts/map/pdftex/updmap/pdftex.map}] [2] [3] [4] [5]
[6]
No file Rd2.ind.
[7]
(/private/var/folders/db/w5kn5g8n3r3f7m1rmld_sjm80000gn/T/RtmpBAHW9Y/Rd2pdf305e
1c97d96f/Rd2.aux)

Package rerunfilecheck Warning: File `Rd2.out' has changed.
(rerunfilecheck)                Rerun to get outlines right
(rerunfilecheck)                or use package `bookmark'.

 ){/usr/local/texlive/2021/texmf-dist/fonts/enc/dvips/base/8r.enc}{/usr/local/t
exlive/2021/texmf-dist/fonts/enc/dvips/inconsolata/i4-t1-0.enc}</usr/local/texl
ive/2021/texmf-dist/fonts/type1/public/inconsolata/Inconsolata-zi4r.pfb></usr/l
ocal/texlive/2021/texmf-dist/fonts/type1/urw/helvetic/uhvr8a.pfb></usr/local/te
xlive/2021/texmf-dist/fonts/type1/urw/times/utmb8a.pfb></usr/local/texlive/2021
/texmf-dist/fonts/type1/urw/times/utmr8a.pfb></usr/local/texlive/2021/texmf-dis
t/fonts/type1/urw/times/utmr8a.pfb></usr/local/texlive/2021/texmf-dist/fonts/ty
pe1/urw/times/utmri8a.pfb>
Output written on Rd2.pdf (7 pages, 84995 bytes).
Transcript written on Rd2.log.
This is pdfTeX, Version 3.141592653-2.6-1.40.22 (TeX Live 2021) (preloaded format=pdflatex)
 restricted \write18 enabled.
entering extended mode
LaTeX2e <2020-10-01> patch level 4
L3 programming layer <2021-02-18>
(./Rd2.tex
(/usr/local/texlive/2021/texmf-dist/tex/latex/base/book.cls
Document Class: book 2020/04/10 v1.4m Standard LaTeX document class
(/usr/local/texlive/2021/texmf-dist/tex/latex/base/bk10.clo))
(/Library/Frameworks/R.framework/Resources/share/texmf/tex/latex/Rd.sty
(/usr/local/texlive/2021/texmf-dist/tex/latex/base/ifthen.sty)
(/usr/local/texlive/2021/texmf-dist/tex/latex/tools/longtable.sty)
(/usr/local/texlive/2021/texmf-dist/tex/latex/tools/bm.sty)
(/usr/local/texlive/2021/texmf-dist/tex/latex/base/alltt.sty)
(/usr/local/texlive/2021/texmf-dist/tex/latex/tools/verbatim.sty)
(/usr/local/texlive/2021/texmf-dist/tex/latex/url/url.sty)
(/usr/local/texlive/2021/texmf-dist/tex/latex/base/textcomp.sty)
(/usr/local/texlive/2021/texmf-dist/tex/latex/base/fontenc.sty)
(/usr/local/texlive/2021/texmf-dist/tex/latex/psnfss/times.sty)
(/usr/local/texlive/2021/texmf-dist/tex/latex/inconsolata/zi4.sty
`inconsolata-zi4' v1.12, 2019/05/17 Text macros for Inconsolata (msharpe)
(/usr/local/texlive/2021/texmf-dist/tex/latex/xkeyval/xkeyval.sty
(/usr/local/texlive/2021/texmf-dist/tex/generic/xkeyval/xkeyval.tex
(/usr/local/texlive/2021/texmf-dist/tex/generic/xkeyval/xkvutils.tex
(/usr/local/texlive/2021/texmf-dist/tex/generic/xkeyval/keyval.tex)))))
(/usr/local/texlive/2021/texmf-dist/tex/latex/graphics/color.sty
(/usr/local/texlive/2021/texmf-dist/tex/latex/graphics-cfg/color.cfg)
(/usr/local/texlive/2021/texmf-dist/tex/latex/graphics-def/pdftex.def))
(/usr/local/texlive/2021/texmf-dist/tex/latex/hyperref/hyperref.sty
(/usr/local/texlive/2021/texmf-dist/tex/generic/ltxcmds/ltxcmds.sty)
(/usr/local/texlive/2021/texmf-dist/tex/generic/iftex/iftex.sty)
(/usr/local/texlive/2021/texmf-dist/tex/generic/pdftexcmds/pdftexcmds.sty
(/usr/local/texlive/2021/texmf-dist/tex/generic/infwarerr/infwarerr.sty))
(/usr/local/texlive/2021/texmf-dist/tex/generic/kvsetkeys/kvsetkeys.sty)
(/usr/local/texlive/2021/texmf-dist/tex/generic/kvdefinekeys/kvdefinekeys.sty)
(/usr/local/texlive/2021/texmf-dist/tex/generic/pdfescape/pdfescape.sty)
(/usr/local/texlive/2021/texmf-dist/tex/latex/hycolor/hycolor.sty)
(/usr/local/texlive/2021/texmf-dist/tex/latex/letltxmacro/letltxmacro.sty)
(/usr/local/texlive/2021/texmf-dist/tex/latex/auxhook/auxhook.sty)
(/usr/local/texlive/2021/texmf-dist/tex/latex/kvoptions/kvoptions.sty)
(/usr/local/texlive/2021/texmf-dist/tex/latex/hyperref/pd1enc.def)
(/usr/local/texlive/2021/texmf-dist/tex/latex/hyperref/hyperref-langpatches.def
) (/usr/local/texlive/2021/texmf-dist/tex/generic/intcalc/intcalc.sty)
(/usr/local/texlive/2021/texmf-dist/tex/generic/etexcmds/etexcmds.sty)
(/usr/local/texlive/2021/texmf-dist/tex/latex/hyperref/puenc.def)
(/usr/local/texlive/2021/texmf-dist/tex/generic/bitset/bitset.sty
(/usr/local/texlive/2021/texmf-dist/tex/generic/bigintcalc/bigintcalc.sty))
(/usr/local/texlive/2021/texmf-dist/tex/latex/base/atbegshi-ltx.sty))
(/usr/local/texlive/2021/texmf-dist/tex/latex/hyperref/hpdftex.def
(/usr/local/texlive/2021/texmf-dist/tex/latex/base/atveryend-ltx.sty)
(/usr/local/texlive/2021/texmf-dist/tex/latex/rerunfilecheck/rerunfilecheck.sty

(/usr/local/texlive/2021/texmf-dist/tex/generic/uniquecounter/uniquecounter.sty
)))

Package hyperref Warning: Option `hyperindex' has already been used,
(hyperref)                setting the option has no effect on input line 377.


Package hyperref Warning: Option `pagebackref' has already been used,
(hyperref)                setting the option has no effect on input line 377.

) (/usr/local/texlive/2021/texmf-dist/tex/latex/base/makeidx.sty)
(/usr/local/texlive/2021/texmf-dist/tex/latex/base/inputenc.sty)
Writing index file Rd2.idx
(/usr/local/texlive/2021/texmf-dist/tex/latex/psnfss/t1ptm.fd)
(/usr/local/texlive/2021/texmf-dist/tex/latex/l3backend/l3backend-pdftex.def)
(/private/var/folders/db/w5kn5g8n3r3f7m1rmld_sjm80000gn/T/RtmpBAHW9Y/Rd2pdf305e
1c97d96f/Rd2.aux)
(/usr/local/texlive/2021/texmf-dist/tex/context/base/mkii/supp-pdf.mkii
[Loading MPS to PDF converter (version 2006.09.02).]
) (/usr/local/texlive/2021/texmf-dist/tex/latex/hyperref/nameref.sty
(/usr/local/texlive/2021/texmf-dist/tex/latex/refcount/refcount.sty)
(/usr/local/texlive/2021/texmf-dist/tex/generic/gettitlestring/gettitlestring.s
ty))
(/private/var/folders/db/w5kn5g8n3r3f7m1rmld_sjm80000gn/T/RtmpBAHW9Y/Rd2pdf305e
1c97d96f/Rd2.out)
(/private/var/folders/db/w5kn5g8n3r3f7m1rmld_sjm80000gn/T/RtmpBAHW9Y/Rd2pdf305e
1c97d96f/Rd2.out)
(/usr/local/texlive/2021/texmf-dist/tex/latex/inconsolata/t1zi4.fd)
(/usr/local/texlive/2021/texmf-dist/tex/latex/psnfss/t1phv.fd)
(/private/var/folders/db/w5kn5g8n3r3f7m1rmld_sjm80000gn/T/RtmpBAHW9Y/Rd2pdf305e
1c97d96f/Rd2.toc) [1{/usr/local/texlive/2021/texmf-var/fonts/map/pdftex/updmap/
pdftex.map}] [2] [3] [4] [5] [6]
No file Rd2.ind.
[7]
(/private/var/folders/db/w5kn5g8n3r3f7m1rmld_sjm80000gn/T/RtmpBAHW9Y/Rd2pdf305e
1c97d96f/Rd2.aux) ){/usr/local/texlive/2021/texmf-dist/fonts/enc/dvips/base/8r.
enc}{/usr/local/texlive/2021/texmf-dist/fonts/enc/dvips/inconsolata/i4-t1-0.enc
}</usr/local/texlive/2021/texmf-dist/fonts/type1/public/inconsolata/Inconsolata
-zi4r.pfb></usr/local/texlive/2021/texmf-dist/fonts/type1/urw/helvetic/uhvr8a.p
fb></usr/local/texlive/2021/texmf-dist/fonts/type1/urw/times/utmb8a.pfb></usr/l
ocal/texlive/2021/texmf-dist/fonts/type1/urw/times/utmr8a.pfb></usr/local/texli
ve/2021/texmf-dist/fonts/type1/urw/times/utmr8a.pfb></usr/local/texlive/2021/te
xmf-dist/fonts/type1/urw/times/utmri8a.pfb>
Output written on Rd2.pdf (7 pages, 85770 bytes).
Transcript written on Rd2.log.
This is makeindex, version 2.15 [TeX Live 2021] (kpathsea + Thai support).
Scanning input file Rd2.idx....done (11 entries accepted, 0 rejected).
Sorting entries....done (39 comparisons).
Generating output file Rd2.ind....done (26 lines written, 0 warnings).
Output written in Rd2.ind.
Transcript written in Rd2.ilg.
This is pdfTeX, Version 3.141592653-2.6-1.40.22 (TeX Live 2021) (preloaded format=pdflatex)
 restricted \write18 enabled.
entering extended mode
LaTeX2e <2020-10-01> patch level 4
L3 programming layer <2021-02-18>
(./Rd2.tex
(/usr/local/texlive/2021/texmf-dist/tex/latex/base/book.cls
Document Class: book 2020/04/10 v1.4m Standard LaTeX document class
(/usr/local/texlive/2021/texmf-dist/tex/latex/base/bk10.clo))
(/Library/Frameworks/R.framework/Resources/share/texmf/tex/latex/Rd.sty
(/usr/local/texlive/2021/texmf-dist/tex/latex/base/ifthen.sty)
(/usr/local/texlive/2021/texmf-dist/tex/latex/tools/longtable.sty)
(/usr/local/texlive/2021/texmf-dist/tex/latex/tools/bm.sty)
(/usr/local/texlive/2021/texmf-dist/tex/latex/base/alltt.sty)
(/usr/local/texlive/2021/texmf-dist/tex/latex/tools/verbatim.sty)
(/usr/local/texlive/2021/texmf-dist/tex/latex/url/url.sty)
(/usr/local/texlive/2021/texmf-dist/tex/latex/base/textcomp.sty)
(/usr/local/texlive/2021/texmf-dist/tex/latex/base/fontenc.sty)
(/usr/local/texlive/2021/texmf-dist/tex/latex/psnfss/times.sty)
(/usr/local/texlive/2021/texmf-dist/tex/latex/inconsolata/zi4.sty
`inconsolata-zi4' v1.12, 2019/05/17 Text macros for Inconsolata (msharpe)
(/usr/local/texlive/2021/texmf-dist/tex/latex/xkeyval/xkeyval.sty
(/usr/local/texlive/2021/texmf-dist/tex/generic/xkeyval/xkeyval.tex
(/usr/local/texlive/2021/texmf-dist/tex/generic/xkeyval/xkvutils.tex
(/usr/local/texlive/2021/texmf-dist/tex/generic/xkeyval/keyval.tex)))))
(/usr/local/texlive/2021/texmf-dist/tex/latex/graphics/color.sty
(/usr/local/texlive/2021/texmf-dist/tex/latex/graphics-cfg/color.cfg)
(/usr/local/texlive/2021/texmf-dist/tex/latex/graphics-def/pdftex.def))
(/usr/local/texlive/2021/texmf-dist/tex/latex/hyperref/hyperref.sty
(/usr/local/texlive/2021/texmf-dist/tex/generic/ltxcmds/ltxcmds.sty)
(/usr/local/texlive/2021/texmf-dist/tex/generic/iftex/iftex.sty)
(/usr/local/texlive/2021/texmf-dist/tex/generic/pdftexcmds/pdftexcmds.sty
(/usr/local/texlive/2021/texmf-dist/tex/generic/infwarerr/infwarerr.sty))
(/usr/local/texlive/2021/texmf-dist/tex/generic/kvsetkeys/kvsetkeys.sty)
(/usr/local/texlive/2021/texmf-dist/tex/generic/kvdefinekeys/kvdefinekeys.sty)
(/usr/local/texlive/2021/texmf-dist/tex/generic/pdfescape/pdfescape.sty)
(/usr/local/texlive/2021/texmf-dist/tex/latex/hycolor/hycolor.sty)
(/usr/local/texlive/2021/texmf-dist/tex/latex/letltxmacro/letltxmacro.sty)
(/usr/local/texlive/2021/texmf-dist/tex/latex/auxhook/auxhook.sty)
(/usr/local/texlive/2021/texmf-dist/tex/latex/kvoptions/kvoptions.sty)
(/usr/local/texlive/2021/texmf-dist/tex/latex/hyperref/pd1enc.def)
(/usr/local/texlive/2021/texmf-dist/tex/latex/hyperref/hyperref-langpatches.def
) (/usr/local/texlive/2021/texmf-dist/tex/generic/intcalc/intcalc.sty)
(/usr/local/texlive/2021/texmf-dist/tex/generic/etexcmds/etexcmds.sty)
(/usr/local/texlive/2021/texmf-dist/tex/latex/hyperref/puenc.def)
(/usr/local/texlive/2021/texmf-dist/tex/generic/bitset/bitset.sty
(/usr/local/texlive/2021/texmf-dist/tex/generic/bigintcalc/bigintcalc.sty))
(/usr/local/texlive/2021/texmf-dist/tex/latex/base/atbegshi-ltx.sty))
(/usr/local/texlive/2021/texmf-dist/tex/latex/hyperref/hpdftex.def
(/usr/local/texlive/2021/texmf-dist/tex/latex/base/atveryend-ltx.sty)
(/usr/local/texlive/2021/texmf-dist/tex/latex/rerunfilecheck/rerunfilecheck.sty

(/usr/local/texlive/2021/texmf-dist/tex/generic/uniquecounter/uniquecounter.sty
)))

Package hyperref Warning: Option `hyperindex' has already been used,
(hyperref)                setting the option has no effect on input line 377.


Package hyperref Warning: Option `pagebackref' has already been used,
(hyperref)                setting the option has no effect on input line 377.

) (/usr/local/texlive/2021/texmf-dist/tex/latex/base/makeidx.sty)
(/usr/local/texlive/2021/texmf-dist/tex/latex/base/inputenc.sty)
Writing index file Rd2.idx
(/usr/local/texlive/2021/texmf-dist/tex/latex/psnfss/t1ptm.fd)
(/usr/local/texlive/2021/texmf-dist/tex/latex/l3backend/l3backend-pdftex.def)
(/private/var/folders/db/w5kn5g8n3r3f7m1rmld_sjm80000gn/T/RtmpBAHW9Y/Rd2pdf305e
1c97d96f/Rd2.aux)
(/usr/local/texlive/2021/texmf-dist/tex/context/base/mkii/supp-pdf.mkii
[Loading MPS to PDF converter (version 2006.09.02).]
) (/usr/local/texlive/2021/texmf-dist/tex/latex/hyperref/nameref.sty
(/usr/local/texlive/2021/texmf-dist/tex/latex/refcount/refcount.sty)
(/usr/local/texlive/2021/texmf-dist/tex/generic/gettitlestring/gettitlestring.s
ty))
(/private/var/folders/db/w5kn5g8n3r3f7m1rmld_sjm80000gn/T/RtmpBAHW9Y/Rd2pdf305e
1c97d96f/Rd2.out)
(/private/var/folders/db/w5kn5g8n3r3f7m1rmld_sjm80000gn/T/RtmpBAHW9Y/Rd2pdf305e
1c97d96f/Rd2.out)
(/usr/local/texlive/2021/texmf-dist/tex/latex/inconsolata/t1zi4.fd)
(/usr/local/texlive/2021/texmf-dist/tex/latex/psnfss/t1phv.fd)
(/private/var/folders/db/w5kn5g8n3r3f7m1rmld_sjm80000gn/T/RtmpBAHW9Y/Rd2pdf305e
1c97d96f/Rd2.toc) [1{/usr/local/texlive/2021/texmf-var/fonts/map/pdftex/updmap/
pdftex.map}] [2] [3] [4] [5] [6]
(/private/var/folders/db/w5kn5g8n3r3f7m1rmld_sjm80000gn/T/RtmpBAHW9Y/Rd2pdf305e
1c97d96f/Rd2.ind [7] [8])
(/private/var/folders/db/w5kn5g8n3r3f7m1rmld_sjm80000gn/T/RtmpBAHW9Y/Rd2pdf305e
1c97d96f/Rd2.aux)

Package rerunfilecheck Warning: File `Rd2.out' has changed.
(rerunfilecheck)                Rerun to get outlines right
(rerunfilecheck)                or use package `bookmark'.

 ){/usr/local/texlive/2021/texmf-dist/fonts/enc/dvips/base/8r.enc}{/usr/local/t
exlive/2021/texmf-dist/fonts/enc/dvips/inconsolata/i4-t1-0.enc}</usr/local/texl
ive/2021/texmf-dist/fonts/type1/public/inconsolata/Inconsolata-zi4r.pfb></usr/l
ocal/texlive/2021/texmf-dist/fonts/type1/public/amsfonts/cm/cmsy10.pfb></usr/lo
cal/texlive/2021/texmf-dist/fonts/type1/urw/helvetic/uhvr8a.pfb></usr/local/tex
live/2021/texmf-dist/fonts/type1/urw/times/utmb8a.pfb></usr/local/texlive/2021/
texmf-dist/fonts/type1/urw/times/utmr8a.pfb></usr/local/texlive/2021/texmf-dist
/fonts/type1/urw/times/utmr8a.pfb></usr/local/texlive/2021/texmf-dist/fonts/typ
e1/urw/times/utmri8a.pfb>
Output written on Rd2.pdf (8 pages, 93967 bytes).
Transcript written on Rd2.log.
This is makeindex, version 2.15 [TeX Live 2021] (kpathsea + Thai support).
Scanning input file Rd2.idx....done (11 entries accepted, 0 rejected).
Sorting entries....done (39 comparisons).
Generating output file Rd2.ind....done (26 lines written, 0 warnings).
Output written in Rd2.ind.
Transcript written in Rd2.ilg.
This is pdfTeX, Version 3.141592653-2.6-1.40.22 (TeX Live 2021) (preloaded format=pdflatex)
 restricted \write18 enabled.
entering extended mode
LaTeX2e <2020-10-01> patch level 4
L3 programming layer <2021-02-18>
(./Rd2.tex
(/usr/local/texlive/2021/texmf-dist/tex/latex/base/book.cls
Document Class: book 2020/04/10 v1.4m Standard LaTeX document class
(/usr/local/texlive/2021/texmf-dist/tex/latex/base/bk10.clo))
(/Library/Frameworks/R.framework/Resources/share/texmf/tex/latex/Rd.sty
(/usr/local/texlive/2021/texmf-dist/tex/latex/base/ifthen.sty)
(/usr/local/texlive/2021/texmf-dist/tex/latex/tools/longtable.sty)
(/usr/local/texlive/2021/texmf-dist/tex/latex/tools/bm.sty)
(/usr/local/texlive/2021/texmf-dist/tex/latex/base/alltt.sty)
(/usr/local/texlive/2021/texmf-dist/tex/latex/tools/verbatim.sty)
(/usr/local/texlive/2021/texmf-dist/tex/latex/url/url.sty)
(/usr/local/texlive/2021/texmf-dist/tex/latex/base/textcomp.sty)
(/usr/local/texlive/2021/texmf-dist/tex/latex/base/fontenc.sty)
(/usr/local/texlive/2021/texmf-dist/tex/latex/psnfss/times.sty)
(/usr/local/texlive/2021/texmf-dist/tex/latex/inconsolata/zi4.sty
`inconsolata-zi4' v1.12, 2019/05/17 Text macros for Inconsolata (msharpe)
(/usr/local/texlive/2021/texmf-dist/tex/latex/xkeyval/xkeyval.sty
(/usr/local/texlive/2021/texmf-dist/tex/generic/xkeyval/xkeyval.tex
(/usr/local/texlive/2021/texmf-dist/tex/generic/xkeyval/xkvutils.tex
(/usr/local/texlive/2021/texmf-dist/tex/generic/xkeyval/keyval.tex)))))
(/usr/local/texlive/2021/texmf-dist/tex/latex/graphics/color.sty
(/usr/local/texlive/2021/texmf-dist/tex/latex/graphics-cfg/color.cfg)
(/usr/local/texlive/2021/texmf-dist/tex/latex/graphics-def/pdftex.def))
(/usr/local/texlive/2021/texmf-dist/tex/latex/hyperref/hyperref.sty
(/usr/local/texlive/2021/texmf-dist/tex/generic/ltxcmds/ltxcmds.sty)
(/usr/local/texlive/2021/texmf-dist/tex/generic/iftex/iftex.sty)
(/usr/local/texlive/2021/texmf-dist/tex/generic/pdftexcmds/pdftexcmds.sty
(/usr/local/texlive/2021/texmf-dist/tex/generic/infwarerr/infwarerr.sty))
(/usr/local/texlive/2021/texmf-dist/tex/generic/kvsetkeys/kvsetkeys.sty)
(/usr/local/texlive/2021/texmf-dist/tex/generic/kvdefinekeys/kvdefinekeys.sty)
(/usr/local/texlive/2021/texmf-dist/tex/generic/pdfescape/pdfescape.sty)
(/usr/local/texlive/2021/texmf-dist/tex/latex/hycolor/hycolor.sty)
(/usr/local/texlive/2021/texmf-dist/tex/latex/letltxmacro/letltxmacro.sty)
(/usr/local/texlive/2021/texmf-dist/tex/latex/auxhook/auxhook.sty)
(/usr/local/texlive/2021/texmf-dist/tex/latex/kvoptions/kvoptions.sty)
(/usr/local/texlive/2021/texmf-dist/tex/latex/hyperref/pd1enc.def)
(/usr/local/texlive/2021/texmf-dist/tex/latex/hyperref/hyperref-langpatches.def
) (/usr/local/texlive/2021/texmf-dist/tex/generic/intcalc/intcalc.sty)
(/usr/local/texlive/2021/texmf-dist/tex/generic/etexcmds/etexcmds.sty)
(/usr/local/texlive/2021/texmf-dist/tex/latex/hyperref/puenc.def)
(/usr/local/texlive/2021/texmf-dist/tex/generic/bitset/bitset.sty
(/usr/local/texlive/2021/texmf-dist/tex/generic/bigintcalc/bigintcalc.sty))
(/usr/local/texlive/2021/texmf-dist/tex/latex/base/atbegshi-ltx.sty))
(/usr/local/texlive/2021/texmf-dist/tex/latex/hyperref/hpdftex.def
(/usr/local/texlive/2021/texmf-dist/tex/latex/base/atveryend-ltx.sty)
(/usr/local/texlive/2021/texmf-dist/tex/latex/rerunfilecheck/rerunfilecheck.sty

(/usr/local/texlive/2021/texmf-dist/tex/generic/uniquecounter/uniquecounter.sty
)))

Package hyperref Warning: Option `hyperindex' has already been used,
(hyperref)                setting the option has no effect on input line 377.


Package hyperref Warning: Option `pagebackref' has already been used,
(hyperref)                setting the option has no effect on input line 377.

) (/usr/local/texlive/2021/texmf-dist/tex/latex/base/makeidx.sty)
(/usr/local/texlive/2021/texmf-dist/tex/latex/base/inputenc.sty)
Writing index file Rd2.idx
(/usr/local/texlive/2021/texmf-dist/tex/latex/psnfss/t1ptm.fd)
(/usr/local/texlive/2021/texmf-dist/tex/latex/l3backend/l3backend-pdftex.def)
(/private/var/folders/db/w5kn5g8n3r3f7m1rmld_sjm80000gn/T/RtmpBAHW9Y/Rd2pdf305e
1c97d96f/Rd2.aux)
(/usr/local/texlive/2021/texmf-dist/tex/context/base/mkii/supp-pdf.mkii
[Loading MPS to PDF converter (version 2006.09.02).]
) (/usr/local/texlive/2021/texmf-dist/tex/latex/hyperref/nameref.sty
(/usr/local/texlive/2021/texmf-dist/tex/latex/refcount/refcount.sty)
(/usr/local/texlive/2021/texmf-dist/tex/generic/gettitlestring/gettitlestring.s
ty))
(/private/var/folders/db/w5kn5g8n3r3f7m1rmld_sjm80000gn/T/RtmpBAHW9Y/Rd2pdf305e
1c97d96f/Rd2.out)
(/private/var/folders/db/w5kn5g8n3r3f7m1rmld_sjm80000gn/T/RtmpBAHW9Y/Rd2pdf305e
1c97d96f/Rd2.out)
(/usr/local/texlive/2021/texmf-dist/tex/latex/inconsolata/t1zi4.fd)
(/usr/local/texlive/2021/texmf-dist/tex/latex/psnfss/t1phv.fd)
(/private/var/folders/db/w5kn5g8n3r3f7m1rmld_sjm80000gn/T/RtmpBAHW9Y/Rd2pdf305e
1c97d96f/Rd2.toc) [1{/usr/local/texlive/2021/texmf-var/fonts/map/pdftex/updmap/
pdftex.map}] [2] [3] [4] [5] [6]
(/private/var/folders/db/w5kn5g8n3r3f7m1rmld_sjm80000gn/T/RtmpBAHW9Y/Rd2pdf305e
1c97d96f/Rd2.ind [7] [8])
(/private/var/folders/db/w5kn5g8n3r3f7m1rmld_sjm80000gn/T/RtmpBAHW9Y/Rd2pdf305e
1c97d96f/Rd2.aux) ){/usr/local/texlive/2021/texmf-dist/fonts/enc/dvips/base/8r.
enc}{/usr/local/texlive/2021/texmf-dist/fonts/enc/dvips/inconsolata/i4-t1-0.enc
}</usr/local/texlive/2021/texmf-dist/fonts/type1/public/inconsolata/Inconsolata
-zi4r.pfb></usr/local/texlive/2021/texmf-dist/fonts/type1/public/amsfonts/cm/cm
sy10.pfb></usr/local/texlive/2021/texmf-dist/fonts/type1/urw/helvetic/uhvr8a.pf
b></usr/local/texlive/2021/texmf-dist/fonts/type1/urw/times/utmb8a.pfb></usr/lo
cal/texlive/2021/texmf-dist/fonts/type1/urw/times/utmr8a.pfb></usr/local/texliv
e/2021/texmf-dist/fonts/type1/urw/times/utmr8a.pfb></usr/local/texlive/2021/tex
mf-dist/fonts/type1/urw/times/utmri8a.pfb>
Output written on Rd2.pdf (8 pages, 94564 bytes).
Transcript written on Rd2.log.
Saving output to ‘troopdata-manual.pdf’ ...
Done
You may want to clean up by 'rm -Rf /var/folders/db/w5kn5g8n3r3f7m1rmld_sjm80000gn/T//RtmpBAHW9Y/Rd2pdf305e1c97d96f'
